<?xml version="1.0" encoding="UTF-8"?>
<!-- Generated by org.testng.reporters.JUnitXMLReporter -->
<testsuite ignored="2" hostname="Manasa-MacBook-Pro.local" failures="0" tests="4" name="Test" time="222.883" errors="0" timestamp="2022-06-28T19:17:42 GST">
  <testcase classname="tests.HomePageTest" name="@BeforeClass beforeClass" time="0.007">
    <failure type="java.lang.NullPointerException">
      <![CDATA[java.lang.NullPointerException
at java.base/java.io.Reader.<init>(Reader.java:167)
at java.base/java.io.InputStreamReader.<init>(InputStreamReader.java:72)
at org.json.JSONTokener.<init>(JSONTokener.java:84)
at tests.HomePageTest.beforeClass(HomePageTest.java:48)
at java.base/java.util.ArrayList.forEach(ArrayList.java:1511)
... Removed 25 stack frames]]>
    </failure>
  </testcase> <!-- @BeforeClass beforeClass -->
  <testcase classname="tests.HomePageTest" name="@BeforeMethod beforeMethod" time="0.0">
    <skipped/>
  </testcase> <!-- @BeforeMethod beforeMethod -->
  <testcase classname="tests.HomePageTest" name="@AfterMethod afterMethod" time="0.0">
    <skipped/>
  </testcase> <!-- @AfterMethod afterMethod -->
  <testcase classname="tests.HomePageTest" name="@BeforeMethod beforeMethod" time="0.0">
    <skipped/>
  </testcase> <!-- @BeforeMethod beforeMethod -->
  <testcase classname="tests.HomePageTest" name="@AfterMethod afterMethod" time="0.0">
    <skipped/>
  </testcase> <!-- @AfterMethod afterMethod -->
  <testcase classname="tests.HomePageTest" name="@AfterClass afterClass" time="0.0">
    <skipped/>
  </testcase> <!-- @AfterClass afterClass -->
  <testcase classname="tests.OnboardingTest" name="continueNext" time="81.4"/>
  <testcase classname="tests.OnboardingTest" name="homePageLanding" time="131.784"/>
  <testcase classname="tests.HomePageTest" name="expenseAddition" time="0.0">
    <skipped/>
  </testcase> <!-- expenseAddition -->
  <testcase classname="tests.HomePageTest" name="incomeAddition" time="0.001">
    <skipped/>
  </testcase> <!-- incomeAddition -->
  <testcase classname="Initialise.BaseTest" name="@AfterTest afterTest" time="0.0">
    <ignored/>
  </testcase> <!-- @AfterTest afterTest -->
  <testcase classname="Initialise.BaseTest" name="@BeforeTest beforeTest" time="0.0">
    <ignored/>
  </testcase> <!-- @BeforeTest beforeTest -->
</testsuite> <!-- Test -->
