<?xml version="1.0" encoding="UTF-8"?>
<testng-results ignored="2" total="6" passed="2" failed="0" skipped="2">
  <reporter-output>
  </reporter-output>
  <suite started-at="2022-06-28T19:13:59 GST" name="Suite" finished-at="2022-06-28T19:17:42 GST" duration-ms="222883">
    <groups>
    </groups>
    <test started-at="2022-06-28T19:13:59 GST" name="Test" finished-at="2022-06-28T19:17:42 GST" duration-ms="222883">
      <class name="tests.HomePageTest">
        <test-method is-config="true" signature="beforeClass()[pri:0, instance:tests.HomePageTest@245b4bdc]" started-at="2022-06-28T19:17:41 GST" name="beforeClass" finished-at="2022-06-28T19:17:41 GST" duration-ms="7" status="FAIL">
          <exception class="java.lang.NullPointerException">
            <full-stacktrace>
              <![CDATA[java.lang.NullPointerException
at java.base/java.io.Reader.<init>(Reader.java:167)
at java.base/java.io.InputStreamReader.<init>(InputStreamReader.java:72)
at org.json.JSONTokener.<init>(JSONTokener.java:84)
at tests.HomePageTest.beforeClass(HomePageTest.java:48)
at java.base/jdk.internal.reflect.NativeMethodAccessorImpl.invoke0(Native Method)
at java.base/jdk.internal.reflect.NativeMethodAccessorImpl.invoke(NativeMethodAccessorImpl.java:64)
at java.base/jdk.internal.reflect.DelegatingMethodAccessorImpl.invoke(DelegatingMethodAccessorImpl.java:43)
at java.base/java.lang.reflect.Method.invoke(Method.java:564)
at org.testng.internal.invokers.MethodInvocationHelper.invokeMethod(MethodInvocationHelper.java:135)
at org.testng.internal.invokers.MethodInvocationHelper.invokeMethodConsideringTimeout(MethodInvocationHelper.java:65)
at org.testng.internal.invokers.ConfigInvoker.invokeConfigurationMethod(ConfigInvoker.java:381)
at org.testng.internal.invokers.ConfigInvoker.invokeConfigurations(ConfigInvoker.java:319)
at org.testng.internal.invokers.TestMethodWorker.invokeBeforeClassMethods(TestMethodWorker.java:178)
at org.testng.internal.invokers.TestMethodWorker.run(TestMethodWorker.java:122)
at java.base/java.util.ArrayList.forEach(ArrayList.java:1511)
at org.testng.TestRunner.privateRun(TestRunner.java:808)
at org.testng.TestRunner.run(TestRunner.java:603)
at org.testng.SuiteRunner.runTest(SuiteRunner.java:429)
at org.testng.SuiteRunner.runSequentially(SuiteRunner.java:423)
at org.testng.SuiteRunner.privateRun(SuiteRunner.java:383)
at org.testng.SuiteRunner.run(SuiteRunner.java:326)
at org.testng.SuiteRunnerWorker.runSuite(SuiteRunnerWorker.java:52)
at org.testng.SuiteRunnerWorker.run(SuiteRunnerWorker.java:95)
at org.testng.TestNG.runSuitesSequentially(TestNG.java:1249)
at org.testng.TestNG.runSuitesLocally(TestNG.java:1169)
at org.testng.TestNG.runSuites(TestNG.java:1092)
at org.testng.TestNG.run(TestNG.java:1060)
at org.testng.remote.AbstractRemoteTestNG.run(AbstractRemoteTestNG.java:115)
at org.testng.remote.RemoteTestNG.initAndRun(RemoteTestNG.java:251)
at org.testng.remote.RemoteTestNG.main(RemoteTestNG.java:77)
]]>
            </full-stacktrace>
          </exception> <!-- java.lang.NullPointerException -->
          <reporter-output>
          </reporter-output>
        </test-method> <!-- beforeClass -->
        <test-method is-config="true" signature="beforeMethod(java.lang.reflect.Method)[pri:0, instance:tests.HomePageTest@245b4bdc]" started-at="2022-06-28T19:17:41 GST" name="beforeMethod" finished-at="2022-06-28T19:17:41 GST" duration-ms="0" status="SKIP">
          <reporter-output>
          </reporter-output>
        </test-method> <!-- beforeMethod -->
        <test-method signature="expenseAddition()[pri:0, instance:tests.HomePageTest@245b4bdc]" started-at="2022-06-28T19:17:41 GST" name="expenseAddition" finished-at="2022-06-28T19:17:41 GST" duration-ms="0" status="SKIP">
          <exception class="java.lang.NullPointerException">
            <full-stacktrace>
              <![CDATA[java.lang.NullPointerException
at java.base/java.io.Reader.<init>(Reader.java:167)
at java.base/java.io.InputStreamReader.<init>(InputStreamReader.java:72)
at org.json.JSONTokener.<init>(JSONTokener.java:84)
at tests.HomePageTest.beforeClass(HomePageTest.java:48)
at java.base/jdk.internal.reflect.NativeMethodAccessorImpl.invoke0(Native Method)
at java.base/jdk.internal.reflect.NativeMethodAccessorImpl.invoke(NativeMethodAccessorImpl.java:64)
at java.base/jdk.internal.reflect.DelegatingMethodAccessorImpl.invoke(DelegatingMethodAccessorImpl.java:43)
at java.base/java.lang.reflect.Method.invoke(Method.java:564)
at org.testng.internal.invokers.MethodInvocationHelper.invokeMethod(MethodInvocationHelper.java:135)
at org.testng.internal.invokers.MethodInvocationHelper.invokeMethodConsideringTimeout(MethodInvocationHelper.java:65)
at org.testng.internal.invokers.ConfigInvoker.invokeConfigurationMethod(ConfigInvoker.java:381)
at org.testng.internal.invokers.ConfigInvoker.invokeConfigurations(ConfigInvoker.java:319)
at org.testng.internal.invokers.TestMethodWorker.invokeBeforeClassMethods(TestMethodWorker.java:178)
at org.testng.internal.invokers.TestMethodWorker.run(TestMethodWorker.java:122)
at java.base/java.util.ArrayList.forEach(ArrayList.java:1511)
at org.testng.TestRunner.privateRun(TestRunner.java:808)
at org.testng.TestRunner.run(TestRunner.java:603)
at org.testng.SuiteRunner.runTest(SuiteRunner.java:429)
at org.testng.SuiteRunner.runSequentially(SuiteRunner.java:423)
at org.testng.SuiteRunner.privateRun(SuiteRunner.java:383)
at org.testng.SuiteRunner.run(SuiteRunner.java:326)
at org.testng.SuiteRunnerWorker.runSuite(SuiteRunnerWorker.java:52)
at org.testng.SuiteRunnerWorker.run(SuiteRunnerWorker.java:95)
at org.testng.TestNG.runSuitesSequentially(TestNG.java:1249)
at org.testng.TestNG.runSuitesLocally(TestNG.java:1169)
at org.testng.TestNG.runSuites(TestNG.java:1092)
at org.testng.TestNG.run(TestNG.java:1060)
at org.testng.remote.AbstractRemoteTestNG.run(AbstractRemoteTestNG.java:115)
at org.testng.remote.RemoteTestNG.initAndRun(RemoteTestNG.java:251)
at org.testng.remote.RemoteTestNG.main(RemoteTestNG.java:77)
]]>
            </full-stacktrace>
          </exception> <!-- java.lang.NullPointerException -->
          <reporter-output>
          </reporter-output>
        </test-method> <!-- expenseAddition -->
        <test-method is-config="true" signature="afterMethod()[pri:0, instance:tests.HomePageTest@245b4bdc]" started-at="2022-06-28T19:17:41 GST" name="afterMethod" finished-at="2022-06-28T19:17:41 GST" duration-ms="0" status="SKIP">
          <reporter-output>
          </reporter-output>
        </test-method> <!-- afterMethod -->
        <test-method is-config="true" signature="beforeMethod(java.lang.reflect.Method)[pri:0, instance:tests.HomePageTest@245b4bdc]" started-at="2022-06-28T19:17:41 GST" name="beforeMethod" finished-at="2022-06-28T19:17:41 GST" duration-ms="0" status="SKIP">
          <reporter-output>
          </reporter-output>
        </test-method> <!-- beforeMethod -->
        <test-method signature="incomeAddition()[pri:0, instance:tests.HomePageTest@245b4bdc]" started-at="2022-06-28T19:17:41 GST" name="incomeAddition" finished-at="2022-06-28T19:17:41 GST" duration-ms="1" status="SKIP">
          <exception class="java.lang.NullPointerException">
            <full-stacktrace>
              <![CDATA[java.lang.NullPointerException
at java.base/java.io.Reader.<init>(Reader.java:167)
at java.base/java.io.InputStreamReader.<init>(InputStreamReader.java:72)
at org.json.JSONTokener.<init>(JSONTokener.java:84)
at tests.HomePageTest.beforeClass(HomePageTest.java:48)
at java.base/jdk.internal.reflect.NativeMethodAccessorImpl.invoke0(Native Method)
at java.base/jdk.internal.reflect.NativeMethodAccessorImpl.invoke(NativeMethodAccessorImpl.java:64)
at java.base/jdk.internal.reflect.DelegatingMethodAccessorImpl.invoke(DelegatingMethodAccessorImpl.java:43)
at java.base/java.lang.reflect.Method.invoke(Method.java:564)
at org.testng.internal.invokers.MethodInvocationHelper.invokeMethod(MethodInvocationHelper.java:135)
at org.testng.internal.invokers.MethodInvocationHelper.invokeMethodConsideringTimeout(MethodInvocationHelper.java:65)
at org.testng.internal.invokers.ConfigInvoker.invokeConfigurationMethod(ConfigInvoker.java:381)
at org.testng.internal.invokers.ConfigInvoker.invokeConfigurations(ConfigInvoker.java:319)
at org.testng.internal.invokers.TestMethodWorker.invokeBeforeClassMethods(TestMethodWorker.java:178)
at org.testng.internal.invokers.TestMethodWorker.run(TestMethodWorker.java:122)
at java.base/java.util.ArrayList.forEach(ArrayList.java:1511)
at org.testng.TestRunner.privateRun(TestRunner.java:808)
at org.testng.TestRunner.run(TestRunner.java:603)
at org.testng.SuiteRunner.runTest(SuiteRunner.java:429)
at org.testng.SuiteRunner.runSequentially(SuiteRunner.java:423)
at org.testng.SuiteRunner.privateRun(SuiteRunner.java:383)
at org.testng.SuiteRunner.run(SuiteRunner.java:326)
at org.testng.SuiteRunnerWorker.runSuite(SuiteRunnerWorker.java:52)
at org.testng.SuiteRunnerWorker.run(SuiteRunnerWorker.java:95)
at org.testng.TestNG.runSuitesSequentially(TestNG.java:1249)
at org.testng.TestNG.runSuitesLocally(TestNG.java:1169)
at org.testng.TestNG.runSuites(TestNG.java:1092)
at org.testng.TestNG.run(TestNG.java:1060)
at org.testng.remote.AbstractRemoteTestNG.run(AbstractRemoteTestNG.java:115)
at org.testng.remote.RemoteTestNG.initAndRun(RemoteTestNG.java:251)
at org.testng.remote.RemoteTestNG.main(RemoteTestNG.java:77)
]]>
            </full-stacktrace>
          </exception> <!-- java.lang.NullPointerException -->
          <reporter-output>
          </reporter-output>
        </test-method> <!-- incomeAddition -->
        <test-method is-config="true" signature="afterMethod()[pri:0, instance:tests.HomePageTest@245b4bdc]" started-at="2022-06-28T19:17:41 GST" name="afterMethod" finished-at="2022-06-28T19:17:41 GST" duration-ms="0" status="SKIP">
          <reporter-output>
          </reporter-output>
        </test-method> <!-- afterMethod -->
        <test-method is-config="true" signature="afterClass()[pri:0, instance:tests.HomePageTest@245b4bdc]" started-at="2022-06-28T19:17:41 GST" name="afterClass" finished-at="2022-06-28T19:17:41 GST" duration-ms="0" status="SKIP">
          <reporter-output>
          </reporter-output>
        </test-method> <!-- afterClass -->
      </class> <!-- tests.HomePageTest -->
      <class name="tests.OnboardingTest">
        <test-method is-config="true" signature="beforeTest(java.lang.String,java.lang.String,java.lang.String,java.lang.String)[pri:0, instance:tests.OnboardingTest@9f116cc]" started-at="2022-06-28T19:13:59 GST" name="beforeTest" finished-at="2022-06-28T19:14:08 GST" duration-ms="8958" status="PASS">
          <params>
            <param index="0">
              <value>
                <![CDATA[Android]]>
              </value>
            </param>
            <param index="1">
              <value>
                <![CDATA[9 PKQ1.180904.001]]>
              </value>
            </param>
            <param index="2">
              <value>
                <![CDATA[Manasa Gowda]]>
              </value>
            </param>
            <param index="3">
              <value>
                <![CDATA[628515fa]]>
              </value>
            </param>
          </params>
          <reporter-output>
          </reporter-output>
        </test-method> <!-- beforeTest -->
        <test-method is-config="true" signature="beforeClass()[pri:0, instance:tests.OnboardingTest@9f116cc]" started-at="2022-06-28T19:14:08 GST" name="beforeClass" finished-at="2022-06-28T19:14:08 GST" duration-ms="1" status="PASS">
          <reporter-output>
          </reporter-output>
        </test-method> <!-- beforeClass -->
        <test-method is-config="true" signature="beforeMethod(java.lang.reflect.Method)[pri:0, instance:tests.OnboardingTest@9f116cc]" started-at="2022-06-28T19:14:08 GST" name="beforeMethod" finished-at="2022-06-28T19:14:08 GST" duration-ms="148" status="PASS">
          <params>
            <param index="0">
              <value>
                <![CDATA[public void tests.OnboardingTest.continueNext()]]>
              </value>
            </param>
          </params>
          <reporter-output>
          </reporter-output>
        </test-method> <!-- beforeMethod -->
        <test-method signature="continueNext()[pri:0, instance:tests.OnboardingTest@9f116cc]" started-at="2022-06-28T19:14:08 GST" name="continueNext" finished-at="2022-06-28T19:15:29 GST" duration-ms="81400" status="PASS">
          <reporter-output>
          </reporter-output>
        </test-method> <!-- continueNext -->
        <test-method is-config="true" signature="afterMethod()[pri:0, instance:tests.OnboardingTest@9f116cc]" started-at="2022-06-28T19:15:29 GST" name="afterMethod" finished-at="2022-06-28T19:15:29 GST" duration-ms="1" status="PASS">
          <reporter-output>
          </reporter-output>
        </test-method> <!-- afterMethod -->
        <test-method is-config="true" signature="beforeMethod(java.lang.reflect.Method)[pri:0, instance:tests.OnboardingTest@9f116cc]" started-at="2022-06-28T19:15:29 GST" name="beforeMethod" finished-at="2022-06-28T19:15:29 GST" duration-ms="1" status="PASS">
          <params>
            <param index="0">
              <value>
                <![CDATA[public void tests.OnboardingTest.homePageLanding()]]>
              </value>
            </param>
          </params>
          <reporter-output>
          </reporter-output>
        </test-method> <!-- beforeMethod -->
        <test-method signature="homePageLanding()[pri:0, instance:tests.OnboardingTest@9f116cc]" started-at="2022-06-28T19:15:29 GST" name="homePageLanding" finished-at="2022-06-28T19:17:41 GST" duration-ms="131784" status="PASS">
          <reporter-output>
          </reporter-output>
        </test-method> <!-- homePageLanding -->
        <test-method is-config="true" signature="afterMethod()[pri:0, instance:tests.OnboardingTest@9f116cc]" started-at="2022-06-28T19:17:41 GST" name="afterMethod" finished-at="2022-06-28T19:17:41 GST" duration-ms="2" status="PASS">
          <reporter-output>
          </reporter-output>
        </test-method> <!-- afterMethod -->
        <test-method is-config="true" signature="afterClass()[pri:0, instance:tests.OnboardingTest@9f116cc]" started-at="2022-06-28T19:17:41 GST" name="afterClass" finished-at="2022-06-28T19:17:41 GST" duration-ms="0" status="PASS">
          <reporter-output>
          </reporter-output>
        </test-method> <!-- afterClass -->
        <test-method is-config="true" signature="afterTest()[pri:0, instance:tests.OnboardingTest@9f116cc]" started-at="2022-06-28T19:17:41 GST" name="afterTest" finished-at="2022-06-28T19:17:42 GST" duration-ms="479" status="PASS">
          <reporter-output>
          </reporter-output>
        </test-method> <!-- afterTest -->
      </class> <!-- tests.OnboardingTest -->
    </test> <!-- Test -->
  </suite> <!-- Suite -->
</testng-results>
